<?xml version="1.0" encoding="UTF-8"?>
<testng-results skipped="0" failed="0" ignored="0" total="1" passed="1">
  <reporter-output>
  </reporter-output>
  <suite name="SeleniumTraining" duration-ms="35134" started-at="2021-05-20T15:42:21Z" finished-at="2021-05-20T15:42:56Z">
    <groups>
    </groups>
    <test name="Testcycle1" duration-ms="35134" started-at="2021-05-20T15:42:21Z" finished-at="2021-05-20T15:42:56Z">
      <class name="com.qa.TestScripts.TestCase1">
        <test-method status="PASS" signature="testaddressbook()[pri:0, instance:com.qa.TestScripts.TestCase1@1a57272]" name="testaddressbook" duration-ms="35079" started-at="2021-05-20T15:42:21Z" finished-at="2021-05-20T15:42:56Z">
          <reporter-output>
          </reporter-output>
        </test-method> <!-- testaddressbook -->
      </class> <!-- com.qa.TestScripts.TestCase1 -->
    </test> <!-- Testcycle1 -->
  </suite> <!-- SeleniumTraining -->
</testng-results>
