<?xml version="1.0" encoding="UTF-8"?>
<testng-results skipped="0" failed="0" ignored="0" total="1" passed="1">
  <reporter-output>
  </reporter-output>
  <suite name="Default suite" duration-ms="36111" started-at="2021-05-20T15:29:57Z" finished-at="2021-05-20T15:30:33Z">
    <groups>
    </groups>
    <test name="Default test" duration-ms="36111" started-at="2021-05-20T15:29:57Z" finished-at="2021-05-20T15:30:33Z">
      <class name="com.qa.TestScripts.TestCase1">
        <test-method status="PASS" signature="testaddressbook()[pri:0, instance:com.qa.TestScripts.TestCase1@2f8f11]" name="testaddressbook" duration-ms="36045" started-at="2021-05-20T15:29:57Z" finished-at="2021-05-20T15:30:33Z">
          <reporter-output>
          </reporter-output>
        </test-method> <!-- testaddressbook -->
      </class> <!-- com.qa.TestScripts.TestCase1 -->
    </test> <!-- Default test -->
  </suite> <!-- Default suite -->
</testng-results>
